<?xml version="1.0" encoding="utf-8"?><testsuites><testsuite name="pytest" errors="0" failures="0" skipped="0" tests="16" time="0.342" timestamp="2025-09-03T02:35:40.664014+00:00" hostname="cursor"><testcase classname="tests.e2e.test_cli_e2e" name="test_e2e_users_cli" time="0.105" /><testcase classname="tests.e2e.test_cli_e2e" name="test_e2e_failure_writes_validation_report" time="0.101" /><testcase classname="tests.contract.test_contracts_alignment" name="test_users_contract_has_schema_and_dq_alignment" time="0.010" /><testcase classname="tests.contract.test_contracts_alignment" name="test_session_events_contract_enum_covered_by_schema" time="0.011" /><testcase classname="tests.contract.test_contracts_alignment" name="test_transactions_contract_enums_present" time="0.007" /><testcase classname="tests.integration.test_pipeline_integration" name="test_users_pipeline_writes_masked_users" time="0.009" /><testcase classname="tests.integration.test_pipeline_integration" name="test_validation_error_produces_report" time="0.009" /><testcase classname="tests.integration.test_pipeline_integration" name="test_session_events_pipeline_anonymizes_ip" time="0.010" /><testcase classname="tests.integration.test_pipeline_integration" name="test_transactions_pipeline_tokenizes_last4" time="0.008" /><testcase classname="tests.unit.test_utils" name="test_anonymize_ip_ipv4_zeroes_octets" time="0.000" /><testcase classname="tests.unit.test_utils" name="test_mask_email_normalizes_and_hashes" time="0.000" /><testcase classname="tests.unit.test_utils" name="test_mask_phone_masks_digits" time="0.000" /><testcase classname="tests.unit.test_utils" name="test_anonymize_ip_ipv6_returns_network" time="0.000" /><testcase classname="tests.unit.test_utils" name="test_build_field_constraints_merges_options" time="0.000" /><testcase classname="tests.unit.test_utils" name="test_anonymize_ip_invalid_returns_default" time="0.000" /><testcase classname="tests.unit.test_utils" name="test_tokenize_last4_stable_prefix" time="0.000" /></testsuite></testsuites>